0 info it worked if it ends with ok
1 verbose cli [ '/usr/local/bin/node',
1 verbose cli   '/usr/local/bin/npm',
1 verbose cli   'install',
1 verbose cli   '-g',
1 verbose cli   'leancloud-cli' ]
2 info using npm@2.15.8
3 info using node@v4.4.7
4 verbose install initial load of /usr/local/lib/package.json
5 verbose readDependencies loading dependencies from /usr/local/lib/package.json
6 silly cache add args [ 'leancloud-cli', null ]
7 verbose cache add spec leancloud-cli
8 silly cache add parsed spec Result {
8 silly cache add   raw: 'leancloud-cli',
8 silly cache add   scope: null,
8 silly cache add   name: 'leancloud-cli',
8 silly cache add   rawSpec: '',
8 silly cache add   spec: 'latest',
8 silly cache add   type: 'tag' }
9 silly addNamed leancloud-cli@latest
10 verbose addNamed "latest" is being treated as a dist-tag for leancloud-cli
11 info addNameTag [ 'leancloud-cli', 'latest' ]
12 silly mapToRegistry name leancloud-cli
13 silly mapToRegistry using default registry
14 silly mapToRegistry registry https://registry.npmjs.org/
15 silly mapToRegistry data Result {
15 silly mapToRegistry   raw: 'leancloud-cli',
15 silly mapToRegistry   scope: null,
15 silly mapToRegistry   name: 'leancloud-cli',
15 silly mapToRegistry   rawSpec: '',
15 silly mapToRegistry   spec: 'latest',
15 silly mapToRegistry   type: 'tag' }
16 silly mapToRegistry uri https://registry.npmjs.org/leancloud-cli
17 verbose addNameTag registry:https://registry.npmjs.org/leancloud-cli not in flight; fetching
18 verbose request uri https://registry.npmjs.org/leancloud-cli
19 verbose request no auth needed
20 info attempt registry request try #1 at 17:56:22
21 verbose request id 962e8323e821ca5c
22 verbose etag "2MDGXCSGQ9PE94NR0HHYFFGUI"
23 http request GET https://registry.npmjs.org/leancloud-cli
24 http 304 https://registry.npmjs.org/leancloud-cli
25 verbose headers { date: 'Mon, 18 Jul 2016 09:56:24 GMT',
25 verbose headers   via: '1.1 varnish',
25 verbose headers   'cache-control': 'max-age=300',
25 verbose headers   etag: '"2MDGXCSGQ9PE94NR0HHYFFGUI"',
25 verbose headers   age: '24',
25 verbose headers   connection: 'keep-alive',
25 verbose headers   'x-served-by': 'cache-lcy1135-LCY',
25 verbose headers   'x-cache': 'HIT',
25 verbose headers   'x-cache-hits': '1',
25 verbose headers   'x-timer': 'S1468835784.734249,VS0,VE0',
25 verbose headers   vary: 'Accept-Encoding' }
26 silly get cb [ 304,
26 silly get   { date: 'Mon, 18 Jul 2016 09:56:24 GMT',
26 silly get     via: '1.1 varnish',
26 silly get     'cache-control': 'max-age=300',
26 silly get     etag: '"2MDGXCSGQ9PE94NR0HHYFFGUI"',
26 silly get     age: '24',
26 silly get     connection: 'keep-alive',
26 silly get     'x-served-by': 'cache-lcy1135-LCY',
26 silly get     'x-cache': 'HIT',
26 silly get     'x-cache-hits': '1',
26 silly get     'x-timer': 'S1468835784.734249,VS0,VE0',
26 silly get     vary: 'Accept-Encoding' } ]
27 verbose etag https://registry.npmjs.org/leancloud-cli from cache
28 verbose get saving leancloud-cli to /Users/waslcp/.npm/registry.npmjs.org/leancloud-cli/.cache.json
29 verbose correctMkdir /Users/waslcp/.npm correctMkdir not in flight; initializing
30 silly addNameTag next cb for leancloud-cli with tag latest
31 silly addNamed leancloud-cli@1.3.2
32 verbose addNamed "1.3.2" is a plain semver version for leancloud-cli
33 silly cache afterAdd leancloud-cli@1.3.2
34 verbose afterAdd /Users/waslcp/.npm/leancloud-cli/1.3.2/package/package.json not in flight; writing
35 verbose correctMkdir /Users/waslcp/.npm correctMkdir not in flight; initializing
36 verbose afterAdd /Users/waslcp/.npm/leancloud-cli/1.3.2/package/package.json written
37 silly install resolved [ { name: 'leancloud-cli',
37 silly install resolved     version: '1.3.2',
37 silly install resolved     main: './bin/lean',
37 silly install resolved     description: 'LeanCloud Command Line Tool',
37 silly install resolved     repository:
37 silly install resolved      { type: 'git',
37 silly install resolved        url: 'git+ssh://git@github.com/avoscloud/avoscloud-code-command.git' },
37 silly install resolved     keywords: [ 'cloud', 'BaaS', 'avos', 'avoscloud', 'web-service', 'leancloud' ],
37 silly install resolved     bugs: { url: 'https://github.com/avoscloud/avoscloud-code-command/issues' },
37 silly install resolved     dependencies:
37 silly install resolved      { 'adm-zip': '0.4.7',
37 silly install resolved        archiver: '0.13.0',
37 silly install resolved        async: '0.9.0',
37 silly install resolved        'avoscloud-sdk': '1.0.0-rc9.1',
37 silly install resolved        'buffer-crc32': '0.2.1',
37 silly install resolved        'cli-color': '0.3.2',
37 silly install resolved        'cli-table': '0.3.1',
37 silly install resolved        commander: '2.9.0',
37 silly install resolved        connect: '2.8.8',
37 silly install resolved        'cookie-signature': '1.0.1',
37 silly install resolved        cron: '1.1.0',
37 silly install resolved        debug: '0.7.4',
37 silly install resolved        ejs: '0.8.4',
37 silly install resolved        eventsource: '0.2.1',
37 silly install resolved        express: '3.4.0',
37 silly install resolved        'express-ejs-layouts': '0.3.1',
37 silly install resolved        fstream: '0.1.25',
37 silly install resolved        'iconv-lite': '0.2.11',
37 silly install resolved        jade: '0.26.0',
37 silly install resolved        mailgun: '0.4.2',
37 silly install resolved        mandrill: '0.1.0',
37 silly install resolved        mime: '1.2.11',
37 silly install resolved        moment: '2.7.0',
37 silly install resolved        'moment-timezone': '0.0.6',
37 silly install resolved        'node-qiniu': '6.1.6',
37 silly install resolved        nodemon: '1.3.7',
37 silly install resolved        promptly: '0.2.0',
37 silly install resolved        q: '1.4.1',
37 silly install resolved        qiniu: '6.1.5',
37 silly install resolved        qs: '0.6.5',
37 silly install resolved        request: '2.45.0',
37 silly install resolved        semver: '5.1.0',
37 silly install resolved        sendgrid: '1.0.5',
37 silly install resolved        'sprintf-js': '0.0.7',
37 silly install resolved        stripe: '2.5.0',
37 silly install resolved        tar: '0.1.19',
37 silly install resolved        'text-table': '0.2.0',
37 silly install resolved        underscore: '1.8.2',
37 silly install resolved        'underscore.string': '2.3.3',
37 silly install resolved        weibo: '0.6.9',
37 silly install resolved        xml2js: '0.4.4' },
37 silly install resolved     bin: { avoscloud: './bin/avoscloud', lean: './bin/lean' },
37 silly install resolved     engines: [ 'node >= 0.12.0' ],
37 silly install resolved     devDependencies:
37 silly install resolved      { 'expect.js': '0.2.0',
37 silly install resolved        mocha: '1.9.0',
37 silly install resolved        shelljs: '0.5.3',
37 silly install resolved        should: '8.2.1' },
37 silly install resolved     author: { name: 'dennis zhuang', email: 'xzhuang@avos.com' },
37 silly install resolved     license: 'LGPL',
37 silly install resolved     gitHead: 'd883da48e16fb0e52ef5b4681b2de7d9694455ae',
37 silly install resolved     homepage: 'https://github.com/avoscloud/avoscloud-code-command#readme',
37 silly install resolved     _id: 'leancloud-cli@1.3.2',
37 silly install resolved     scripts: {},
37 silly install resolved     _shasum: '67cceb26023c14d32b6c79b88c1f808b5b09bbbc',
37 silly install resolved     _from: 'leancloud-cli@latest',
37 silly install resolved     _npmVersion: '2.15.5',
37 silly install resolved     _nodeVersion: '4.4.5',
37 silly install resolved     _npmUser: { name: 'jysperm', email: 'jysperm@gmail.com' },
37 silly install resolved     dist:
37 silly install resolved      { shasum: '67cceb26023c14d32b6c79b88c1f808b5b09bbbc',
37 silly install resolved        tarball: 'https://registry.npmjs.org/leancloud-cli/-/leancloud-cli-1.3.2.tgz' },
37 silly install resolved     maintainers: [ [Object] ],
37 silly install resolved     _npmOperationalInternal:
37 silly install resolved      { host: 'packages-12-west.internal.npmjs.com',
37 silly install resolved        tmp: 'tmp/leancloud-cli-1.3.2.tgz_1468390461946_0.7952327609527856' },
37 silly install resolved     directories: {},
37 silly install resolved     _resolved: 'https://registry.npmjs.org/leancloud-cli/-/leancloud-cli-1.3.2.tgz',
37 silly install resolved     readme: 'ERROR: No README data found!' } ]
38 info install leancloud-cli@1.3.2 into /usr/local/lib
39 info installOne leancloud-cli@1.3.2
40 verbose installOne of leancloud-cli to /usr/local/lib not in flight; installing
41 verbose correctMkdir /Users/waslcp/.npm/_locks correctMkdir not in flight; initializing
42 verbose lock using /Users/waslcp/.npm/_locks/leancloud-cli-0467e07acd3c8f7d.lock for /usr/local/lib/node_modules/leancloud-cli
43 silly install write writing leancloud-cli 1.3.2 to /usr/local/lib/node_modules/leancloud-cli
44 verbose unbuild lib/node_modules/leancloud-cli
45 silly gentlyRm /usr/local/lib/node_modules/leancloud-cli is being purged from base /usr/local
46 verbose gentlyRm don't care about contents; nuking /usr/local/lib/node_modules/leancloud-cli
47 verbose tar unpack /Users/waslcp/.npm/leancloud-cli/1.3.2/package.tgz
48 verbose tar unpacking to /usr/local/lib/node_modules/leancloud-cli
49 silly gentlyRm /usr/local/lib/node_modules/leancloud-cli is being purged
50 verbose gentlyRm don't care about contents; nuking /usr/local/lib/node_modules/leancloud-cli
51 silly gunzTarPerm modes [ '755', '644' ]
52 error tar.unpack untar error /Users/waslcp/.npm/leancloud-cli/1.3.2/package.tgz
53 verbose unlock done using /Users/waslcp/.npm/_locks/leancloud-cli-0467e07acd3c8f7d.lock for /usr/local/lib/node_modules/leancloud-cli
54 verbose fstream_path /usr/local/lib/node_modules/leancloud-cli
55 verbose fstream_type Directory
56 verbose fstream_class DirWriter
57 verbose stack Error: EACCES: permission denied, mkdir '/usr/local/lib/node_modules/leancloud-cli'
57 verbose stack     at Error (native)
58 verbose fstream_stack /usr/local/lib/node_modules/npm/node_modules/fstream/lib/dir-writer.js:35:25
58 verbose fstream_stack /usr/local/lib/node_modules/npm/node_modules/mkdirp/index.js:47:53
58 verbose fstream_stack FSReqWrap.oncomplete (fs.js:82:15)
59 verbose cwd /Users/waslcp/Downloads/alipay_wastong
60 error Darwin 15.4.0
61 error argv "/usr/local/bin/node" "/usr/local/bin/npm" "install" "-g" "leancloud-cli"
62 error node v4.4.7
63 error npm  v2.15.8
64 error path /usr/local/lib/node_modules/leancloud-cli
65 error code EACCES
66 error errno -13
67 error syscall mkdir
68 error Error: EACCES: permission denied, mkdir '/usr/local/lib/node_modules/leancloud-cli'
68 error     at Error (native)
68 error  { [Error: EACCES: permission denied, mkdir '/usr/local/lib/node_modules/leancloud-cli']
68 error   errno: -13,
68 error   code: 'EACCES',
68 error   syscall: 'mkdir',
68 error   path: '/usr/local/lib/node_modules/leancloud-cli',
68 error   fstream_type: 'Directory',
68 error   fstream_path: '/usr/local/lib/node_modules/leancloud-cli',
68 error   fstream_class: 'DirWriter',
68 error   fstream_stack:
68 error    [ '/usr/local/lib/node_modules/npm/node_modules/fstream/lib/dir-writer.js:35:25',
68 error      '/usr/local/lib/node_modules/npm/node_modules/mkdirp/index.js:47:53',
68 error      'FSReqWrap.oncomplete (fs.js:82:15)' ] }
69 error Please try running this command again as root/Administrator.
70 verbose exit [ -13, true ]
71 verbose unbuild lib/node_modules/leancloud-cli
72 silly gentlyRm /usr/local/lib/node_modules/leancloud-cli is being purged from base /usr/local
73 verbose gentlyRm don't care about contents; nuking /usr/local/lib/node_modules/leancloud-cli
